<?xml version="1.0" encoding="UTF-8"?>
<!-- Generated by org.testng.reporters.JUnitReportReporter -->
<testsuite skipped="0" hostname="DELL" name="com.orangehrm.TestCases.loginTestPages" tests="1" failures="0" timestamp="08 Jan 2020 07:11:58 GMT" time="0.025" errors="0">
  <testcase name="verifyTitleTest" time="0.025" classname="com.orangehrm.TestCases.loginTestPages"/>
</testsuite> <!-- com.orangehrm.TestCases.loginTestPages -->
